core/build/intermediates/manifest_merge_blame_file/debug/processDebugManifest/manifest-merger-blame-debug-report.txt
1<?xml version="1.0" encoding="utf-8"?>
2<manifest xmlns:android="http://schemas.android.com/apk/res/android"
3    package="com.qmdeve.liquidglass" >
4
5    <uses-sdk android:minSdkVersion="24" />
5-->INJECTED
5-->INJECTED
6
7    <application android:hardwareAccelerated="true" />
7-->src\main\AndroidManifest.xml:4:5-55
7-->src\main\AndroidManifest.xml:4:18-52
8
9</manifest>